This file contains any messages produced by compilers while
running configure, to aid debugging if configure makes a mistake.

It was created by PSI-Boil configure 0.3, which was
generated by GNU Autoconf 2.69.  Invocation command line was

  $ ./configure CC=mpicc CXX=mpiCC CXXFLAGS=-O2 -w2 -std=c++11

## --------- ##
## Platform. ##
## --------- ##

hostname = eu-login-10
uname -m = x86_64
uname -r = 3.10.0-1160.6.1.el7.x86_64
uname -s = Linux
uname -v = #1 SMP Tue Nov 17 13:59:11 UTC 2020

/usr/bin/uname -p = x86_64
/bin/uname -X     = unknown

/bin/arch              = x86_64
/usr/bin/arch -k       = unknown
/usr/convex/getsysinfo = unknown
/usr/bin/hostinfo      = unknown
/bin/machine           = unknown
/usr/bin/oslevel       = unknown
/bin/universe          = unknown

PATH: ~/bin/
PATH: /cluster/apps/intel-18.0.1/openmpi-3.0.1-3aexq2psteehr3yyenca4gu7bz36vskx/bin
PATH: /cluster/apps/intel/parallel_studio_xe_2018_r1/compilers_and_libraries_2018.1.163/linux/bin/intel64
PATH: /cluster/apps/intel/parallel_studio_xe_2018_r1/compilers_and_libraries_2018.1.163/linux/mpi/intel64/bin
PATH: /cluster/apps/local
PATH: /cluster/apps/sfos/bin
PATH: /usr/lib64/qt-3.3/bin
PATH: /cluster/apps/lsf/10.1/linux2.6-glibc2.3-x86_64/bin
PATH: /usr/local/bin
PATH: /usr/bin
PATH: /usr/local/sbin
PATH: /usr/sbin
PATH: /cluster/home/guow/gnuplot-5.2.7/src
PATH: /cluster/home/guow/bin


## ----------- ##
## Core tests. ##
## ----------- ##

configure:1878: checking for a BSD-compatible install
configure:1946: result: /cluster/apps/sfos/bin/install -c
configure:1957: checking whether build environment is sane
configure:2012: result: yes
configure:2163: checking for a thread-safe mkdir -p
configure:2202: result: /cluster/apps/sfos/bin/mkdir -p
configure:2209: checking for gawk
configure:2225: found /cluster/apps/sfos/bin/gawk
configure:2236: result: gawk
configure:2247: checking whether make sets $(MAKE)
configure:2269: result: yes
configure:2298: checking whether make supports nested variables
configure:2315: result: yes
configure:2492: checking for gcc
configure:2519: result: mpicc
configure:2748: checking for C compiler version
configure:2757: mpicc --version >&5
icc (ICC) 18.0.1 20171018
Copyright (C) 1985-2017 Intel Corporation.  All rights reserved.

configure:2768: $? = 0
configure:2757: mpicc -v >&5
icc version 18.0.1 (gcc version 4.8.5 compatibility)
configure:2768: $? = 0
configure:2757: mpicc -V >&5
Intel(R) C Intel(R) 64 Compiler for applications running on Intel(R) 64, Version 18.0.1.163 Build 20171018
Copyright (C) 1985-2017 Intel Corporation.  All rights reserved.

configure:2768: $? = 0
configure:2757: mpicc -qversion >&5
icc: command line warning #10006: ignoring unknown option '-qversion'
icc: command line error: no files specified; for help type "icc -help"
configure:2768: $? = 1
configure:2788: checking whether the C compiler works
configure:2810: mpicc    conftest.c  >&5
configure:2814: $? = 0
configure:2862: result: yes
configure:2865: checking for C compiler default output file name
configure:2867: result: a.out
configure:2873: checking for suffix of executables
configure:2880: mpicc -o conftest    conftest.c  >&5
configure:2884: $? = 0
configure:2906: result: 
configure:2928: checking whether we are cross compiling
configure:2936: mpicc -o conftest    conftest.c  >&5
configure:2940: $? = 0
configure:2947: ./conftest
configure:2951: $? = 0
configure:2966: result: no
configure:2971: checking for suffix of object files
configure:2993: mpicc -c   conftest.c >&5
configure:2997: $? = 0
configure:3018: result: o
configure:3022: checking whether we are using the GNU C compiler
configure:3041: mpicc -c   conftest.c >&5
configure:3041: $? = 0
configure:3050: result: yes
configure:3059: checking whether mpicc accepts -g
configure:3079: mpicc -c -g  conftest.c >&5
configure:3079: $? = 0
configure:3120: result: yes
configure:3137: checking for mpicc option to accept ISO C89
configure:3200: mpicc  -c -g -O2  conftest.c >&5
configure:3200: $? = 0
configure:3213: result: none needed
configure:3238: checking whether mpicc understands -c and -o together
configure:3260: mpicc -c conftest.c -o conftest2.o
configure:3263: $? = 0
configure:3260: mpicc -c conftest.c -o conftest2.o
configure:3263: $? = 0
configure:3275: result: yes
configure:3303: checking for style of include used by make
configure:3331: result: GNU
configure:3357: checking dependency style of mpicc
configure:3468: result: gcc3
configure:3595: checking for C++ compiler version
configure:3604: mpiCC --version >&5
icpc (ICC) 18.0.1 20171018
Copyright (C) 1985-2017 Intel Corporation.  All rights reserved.

configure:3615: $? = 0
configure:3604: mpiCC -v >&5
icpc version 18.0.1 (gcc version 4.8.5 compatibility)
configure:3615: $? = 0
configure:3604: mpiCC -V >&5
Intel(R) C++ Intel(R) 64 Compiler for applications running on Intel(R) 64, Version 18.0.1.163 Build 20171018
Copyright (C) 1985-2017 Intel Corporation.  All rights reserved.

configure:3615: $? = 0
configure:3604: mpiCC -qversion >&5
icpc: command line warning #10006: ignoring unknown option '-qversion'
icpc: command line error: no files specified; for help type "icpc -help"
configure:3615: $? = 1
configure:3619: checking whether we are using the GNU C++ compiler
configure:3638: mpiCC -c -O2 -w2 -std=c++11  conftest.cpp >&5
configure:3638: $? = 0
configure:3647: result: yes
configure:3656: checking whether mpiCC accepts -g
configure:3676: mpiCC -c -g  conftest.cpp >&5
configure:3676: $? = 0
configure:3717: result: yes
configure:3742: checking dependency style of mpiCC
configure:3853: result: gcc3
configure:3912: checking for ranlib
configure:3928: found /cluster/apps/sfos/bin/ranlib
configure:3939: result: ranlib
configure:4071: checking that generated files are newer than configure
configure:4077: result: done
configure:4104: creating ./config.status

## ---------------------- ##
## Running config.status. ##
## ---------------------- ##

This file was extended by PSI-Boil config.status 0.3, which was
generated by GNU Autoconf 2.69.  Invocation command line was

  CONFIG_FILES    = 
  CONFIG_HEADERS  = 
  CONFIG_LINKS    = 
  CONFIG_COMMANDS = 
  $ ./config.status 

on eu-login-10

config.status:920: creating Makefile
config.status:920: creating Src/Custom/Makefile
config.status:920: creating Src/Custom/IF97/Makefile
config.status:920: creating Src/Domain/Makefile
config.status:920: creating Src/Domain/Axisymmetric/Makefile
config.status:920: creating Src/Global/Makefile
config.status:920: creating Src/Field/Scalar/TwoLevelScalar/Makefile
config.status:920: creating Src/Field/Scalar/Makefile
config.status:920: creating Src/Field/Vector/TwoLevelVector/Makefile
config.status:920: creating Src/Field/Vector/Makefile
config.status:920: creating Src/Field/ScalarBool/Makefile
config.status:920: creating Src/Field/VectorBool/Makefile
config.status:920: creating Src/Field/ScalarInt/Makefile
config.status:920: creating Src/Matter/Makefile
config.status:920: creating Src/Grid/Makefile
config.status:920: creating Src/Body/Makefile
config.status:920: creating Src/Parallel/Makefile
config.status:920: creating Src/Parallel/Out/Makefile
config.status:920: creating Src/LookUpTable/Makefile
config.status:920: creating Src/Makefile
config.status:920: creating Src/Equation/Centered/Enthalpy/Makefile
config.status:920: creating Src/Equation/Centered/EnthalpyFD/EnthalpyFDaxisym/Makefile
config.status:920: creating Src/Equation/Centered/EnthalpyFD/Makefile
config.status:920: creating Src/Equation/Centered/Concentration/Makefile
config.status:920: creating Src/Equation/Centered/ConcentrationTP/Makefile
config.status:920: creating Src/Equation/Centered/CavityPressure/CPaxisym/Makefile
config.status:920: creating Src/Equation/Centered/CavityPressure/Makefile
config.status:920: creating Src/Equation/Centered/Pressure/Makefile
config.status:920: creating Src/Equation/Centered/PhaseChange4/Makefile
config.status:920: creating Src/Equation/Centered/CIPCSL2/Makefile
config.status:920: creating Src/Equation/Centered/VOF/VOFaxisym/Makefile
config.status:920: creating Src/Equation/Centered/VOF/Makefile
config.status:920: creating Src/Equation/Centered/Distance/Makefile
config.status:920: creating Src/Equation/Centered/Makefile
config.status:920: creating Src/Equation/Staggered/Momentum/Makefile
config.status:920: creating Src/Equation/Staggered/Makefile
config.status:920: creating Src/Equation/CommonHeatTransfer/Makefile
config.status:920: creating Src/Equation/Dispersed/Makefile
config.status:920: creating Src/Equation/Floodfill/Makefile
config.status:920: creating Src/Equation/Heaviside/MarchingCubes/Makefile
config.status:920: creating Src/Equation/Heaviside/MarchingSquares/MSaxisym/Makefile
config.status:920: creating Src/Equation/Heaviside/MarchingSquares/Makefile
config.status:920: creating Src/Equation/Heaviside/Makefile
config.status:920: creating Src/Equation/IntegralPC/Makefile
config.status:920: creating Src/Equation/Nucleation/Microlayer/Makefile
config.status:920: creating Src/Equation/Nucleation/Makefile
config.status:920: creating Src/Equation/Tifmodel/Antoine/Makefile
config.status:920: creating Src/Equation/Tifmodel/Clapeyron/Makefile
config.status:920: creating Src/Equation/Tifmodel/Schrage/Makefile
config.status:920: creating Src/Equation/Tifmodel/Makefile
config.status:920: creating Src/Equation/Topology/Makefile
config.status:920: creating Src/Boundary/Makefile
config.status:920: creating Src/Solver/Additive/Makefile
config.status:920: creating Src/Solver/Linear/Makefile
config.status:920: creating Src/Solver/Linear/Gauss/Makefile
config.status:920: creating Src/Solver/Linear/Iterative/Makefile
config.status:920: creating Src/Solver/Linear/Krylov/Makefile
config.status:920: creating Src/Solver/Preconditioner/Makefile
config.status:920: creating Src/Ravioli/Makefile
config.status:920: creating Src/SimulationTime/Makefile
config.status:920: creating Src/RandomFlow/Makefile
config.status:920: creating Src/Timer/Makefile
config.status:920: creating Src/Monitor/Location/Makefile
config.status:920: creating Src/Monitor/Rack/Makefile
config.status:920: creating Src/Formula/Makefile
config.status:920: creating Src/Profile/Makefile
config.status:920: creating Src/Model/Makefile
config.status:920: creating Src/Plot/Makefile
config.status:920: creating Src/Plot/TEC/Makefile
config.status:920: creating Src/Plot/VTK/Makefile
config.status:920: creating Src/Unstructured/Solver/Makefile
config.status:920: creating Src/Utilities/Connect/Makefile
config.status:920: creating Src/Utilities/MovieScript/Makefile
config.status:920: creating Src/Utilities/ChangeProc/Makefile
config.status:920: creating Src/Template/Makefile
config.status:920: creating config.h
config.status:1101: config.h is unchanged
config.status:1149: executing depfiles commands

## ---------------- ##
## Cache variables. ##
## ---------------- ##

ac_cv_c_compiler_gnu=yes
ac_cv_cxx_compiler_gnu=yes
ac_cv_env_CCC_set=
ac_cv_env_CCC_value=
ac_cv_env_CC_set=set
ac_cv_env_CC_value=mpicc
ac_cv_env_CFLAGS_set=
ac_cv_env_CFLAGS_value=
ac_cv_env_CPPFLAGS_set=
ac_cv_env_CPPFLAGS_value=
ac_cv_env_CXXFLAGS_set=set
ac_cv_env_CXXFLAGS_value='-O2 -w2 -std=c++11'
ac_cv_env_CXX_set=set
ac_cv_env_CXX_value=mpiCC
ac_cv_env_LDFLAGS_set=
ac_cv_env_LDFLAGS_value=
ac_cv_env_LIBS_set=
ac_cv_env_LIBS_value=
ac_cv_env_build_alias_set=
ac_cv_env_build_alias_value=
ac_cv_env_host_alias_set=
ac_cv_env_host_alias_value=
ac_cv_env_target_alias_set=
ac_cv_env_target_alias_value=
ac_cv_objext=o
ac_cv_path_install='/cluster/apps/sfos/bin/install -c'
ac_cv_path_mkdir=/cluster/apps/sfos/bin/mkdir
ac_cv_prog_AWK=gawk
ac_cv_prog_ac_ct_CC=mpicc
ac_cv_prog_ac_ct_RANLIB=ranlib
ac_cv_prog_cc_c89=
ac_cv_prog_cc_g=yes
ac_cv_prog_cxx_g=yes
ac_cv_prog_make_make_set=yes
am_cv_CC_dependencies_compiler_type=gcc3
am_cv_CXX_dependencies_compiler_type=gcc3
am_cv_make_support_nested_variables=yes
am_cv_prog_cc_c_o=yes

## ----------------- ##
## Output variables. ##
## ----------------- ##

ACLOCAL='${SHELL} /cluster/home/guow/Development/PSI-Boil-2020/PSI-Boil-liquid-film/missing aclocal-1.15'
AMDEPBACKSLASH='\'
AMDEP_FALSE='#'
AMDEP_TRUE=''
AMTAR='$${TAR-tar}'
AM_BACKSLASH='\'
AM_DEFAULT_V='$(AM_DEFAULT_VERBOSITY)'
AM_DEFAULT_VERBOSITY='1'
AM_V='$(V)'
AUTOCONF='${SHELL} /cluster/home/guow/Development/PSI-Boil-2020/PSI-Boil-liquid-film/missing autoconf'
AUTOHEADER='${SHELL} /cluster/home/guow/Development/PSI-Boil-2020/PSI-Boil-liquid-film/missing autoheader'
AUTOMAKE='${SHELL} /cluster/home/guow/Development/PSI-Boil-2020/PSI-Boil-liquid-film/missing automake-1.15'
AWK='gawk'
CC='mpicc'
CCDEPMODE='depmode=gcc3'
CFLAGS='-g -O2'
CPPFLAGS=''
CXX='mpiCC'
CXXDEPMODE='depmode=gcc3'
CXXFLAGS='-O2 -w2 -std=c++11'
CYGPATH_W='echo'
DEFS='-DHAVE_CONFIG_H'
DEPDIR='.deps'
ECHO_C=''
ECHO_N='-n'
ECHO_T=''
EXEEXT=''
INSTALL_DATA='${INSTALL} -m 644'
INSTALL_PROGRAM='${INSTALL}'
INSTALL_SCRIPT='${INSTALL}'
INSTALL_STRIP_PROGRAM='$(install_sh) -c -s'
LDFLAGS=''
LIBOBJS=''
LIBS=''
LTLIBOBJS=''
MAKEINFO='${SHELL} /cluster/home/guow/Development/PSI-Boil-2020/PSI-Boil-liquid-film/missing makeinfo'
MKDIR_P='/cluster/apps/sfos/bin/mkdir -p'
OBJEXT='o'
PACKAGE='psi-boil'
PACKAGE_BUGREPORT=''
PACKAGE_NAME='PSI-Boil'
PACKAGE_STRING='PSI-Boil 0.3'
PACKAGE_TARNAME='psi-boil'
PACKAGE_URL=''
PACKAGE_VERSION='0.3'
PATH_SEPARATOR=':'
RANLIB='ranlib'
SET_MAKE=''
SHELL='/bin/sh'
STRIP=''
VERSION='0.3'
ac_ct_CC='mpicc'
ac_ct_CXX=''
am__EXEEXT_FALSE=''
am__EXEEXT_TRUE='#'
am__fastdepCC_FALSE='#'
am__fastdepCC_TRUE=''
am__fastdepCXX_FALSE='#'
am__fastdepCXX_TRUE=''
am__include='include'
am__isrc=''
am__leading_dot='.'
am__nodep='_no'
am__quote=''
am__tar='$${TAR-tar} chof - "$$tardir"'
am__untar='$${TAR-tar} xf -'
bindir='${exec_prefix}/bin'
build_alias=''
datadir='${datarootdir}'
datarootdir='${prefix}/share'
docdir='${datarootdir}/doc/${PACKAGE_TARNAME}'
dvidir='${docdir}'
exec_prefix='${prefix}'
host_alias=''
htmldir='${docdir}'
includedir='${prefix}/include'
infodir='${datarootdir}/info'
install_sh='${SHELL} /cluster/home/guow/Development/PSI-Boil-2020/PSI-Boil-liquid-film/install-sh'
libdir='${exec_prefix}/lib'
libexecdir='${exec_prefix}/libexec'
localedir='${datarootdir}/locale'
localstatedir='${prefix}/var'
mandir='${datarootdir}/man'
mkdir_p='$(MKDIR_P)'
oldincludedir='/usr/include'
pdfdir='${docdir}'
prefix='/usr/local'
program_transform_name='s,x,x,'
psdir='${docdir}'
sbindir='${exec_prefix}/sbin'
sharedstatedir='${prefix}/com'
sysconfdir='${prefix}/etc'
target_alias=''

## ----------- ##
## confdefs.h. ##
## ----------- ##

/* confdefs.h */
#define PACKAGE_NAME "PSI-Boil"
#define PACKAGE_TARNAME "psi-boil"
#define PACKAGE_VERSION "0.3"
#define PACKAGE_STRING "PSI-Boil 0.3"
#define PACKAGE_BUGREPORT ""
#define PACKAGE_URL ""
#define PACKAGE "psi-boil"
#define VERSION "0.3"

configure: exit 0
